actionid=tox
msg=packaging
cmdargs=['D:\\Python33\\python.exe', local('E:\\Python\\6005_Computer_Engineering\\ps1_PI_words_generation\\setup.py'), 'sdist', '--formats=zip', '--dist-dir', local('E:\\Python\\6005_Computer_Engineering\\ps1_PI_words_generation\\.tox\\dist')]
env=None
running sdist
running egg_info
writing PiWords.egg-info\PKG-INFO
writing dependency_links to PiWords.egg-info\dependency_links.txt
writing top-level names to PiWords.egg-info\top_level.txt
reading manifest file 'PiWords.egg-info\SOURCES.txt'
reading manifest template 'MANIFEST.in'
warning: no files found matching '*.py' under directory '*.txt'
writing manifest file 'PiWords.egg-info\SOURCES.txt'
warning: sdist: standard file not found: should have one of README, README.rst, README.txt

running check
warning: check: missing required meta-data: url

warning: check: missing meta-data: if 'author' supplied, 'author_email' must be supplied too

creating PiWords-0.1
creating PiWords-0.1\PI_Words
creating PiWords-0.1\PI_Words\PI
creating PiWords-0.1\PI_Words\test
creating PiWords-0.1\PiWords.egg-info
making hard links in PiWords-0.1...
hard linking MANIFEST.in -> PiWords-0.1
hard linking setup.py -> PiWords-0.1
hard linking tox.ini -> PiWords-0.1
hard linking PI_Words\__init__.py -> PiWords-0.1\PI_Words
hard linking PI_Words\main.py -> PiWords-0.1\PI_Words
hard linking PI_Words\PI\PiGenerator.py -> PiWords-0.1\PI_Words\PI
hard linking PI_Words\PI\PiGeneratorTest.py -> PiWords-0.1\PI_Words\PI
hard linking PI_Words\PI\__init__.py -> PiWords-0.1\PI_Words\PI
hard linking PI_Words\PI\simple.py -> PiWords-0.1\PI_Words\PI
hard linking PI_Words\test\__init__.py -> PiWords-0.1\PI_Words\test
hard linking PI_Words\test\test_ps1.py -> PiWords-0.1\PI_Words\test
hard linking PiWords.egg-info\PKG-INFO -> PiWords-0.1\PiWords.egg-info
hard linking PiWords.egg-info\SOURCES.txt -> PiWords-0.1\PiWords.egg-info
hard linking PiWords.egg-info\dependency_links.txt -> PiWords-0.1\PiWords.egg-info
hard linking PiWords.egg-info\top_level.txt -> PiWords-0.1\PiWords.egg-info
Writing PiWords-0.1\setup.cfg
creating 'E:\Python\6005_Computer_Engineering\ps1_PI_words_generation\.tox\dist\PiWords-0.1.zip' and adding 'PiWords-0.1' to it
adding 'PiWords-0.1\MANIFEST.in'
adding 'PiWords-0.1\PKG-INFO'
adding 'PiWords-0.1\setup.cfg'
adding 'PiWords-0.1\setup.py'
adding 'PiWords-0.1\tox.ini'
adding 'PiWords-0.1\PiWords.egg-info\dependency_links.txt'
adding 'PiWords-0.1\PiWords.egg-info\PKG-INFO'
adding 'PiWords-0.1\PiWords.egg-info\SOURCES.txt'
adding 'PiWords-0.1\PiWords.egg-info\top_level.txt'
adding 'PiWords-0.1\PI_Words\main.py'
adding 'PiWords-0.1\PI_Words\__init__.py'
adding 'PiWords-0.1\PI_Words\PI\PiGenerator.py'
adding 'PiWords-0.1\PI_Words\PI\PiGeneratorTest.py'
adding 'PiWords-0.1\PI_Words\PI\simple.py'
adding 'PiWords-0.1\PI_Words\PI\__init__.py'
adding 'PiWords-0.1\PI_Words\test\test_ps1.py'
adding 'PiWords-0.1\PI_Words\test\__init__.py'
removing 'PiWords-0.1' (and everything under it)
